2024-10-20 18:59:12.130 [info] Added views:outline in workbench.view.explorer
2024-10-20 18:59:12.130 [info] Added views:workbench.view.search in workbench.view.search
2024-10-20 18:59:12.130 [info] Added views:workbench.scm in workbench.view.scm
2024-10-20 18:59:12.130 [info] Added views:workbench.panel.markers.view in workbench.panel.markers
2024-10-20 18:59:12.130 [info] Added views:workbench.panel.output in workbench.panel.output
2024-10-20 18:59:12.130 [info] Added views:terminal in terminal
2024-10-20 18:59:12.130 [info] Added views:timeline in workbench.view.explorer
2024-10-20 18:59:12.130 [info] Added views:workbench.explorer.emptyView in workbench.view.explorer
2024-10-20 18:59:13.525 [info] Added views:workbench.debug.variablesView,workbench.debug.watchExpressionsView,workbench.debug.callStackView,workbench.debug.breakPointsView in workbench.view.debug
2024-10-20 18:59:13.605 [info] Added views:workbench.panel.repl.view in workbench.panel.repl
2024-10-20 18:59:13.608 [info] Removed views:workbench.debug.breakPointsView,workbench.debug.callStackView,workbench.debug.watchExpressionsView,workbench.debug.variablesView from workbench.view.debug
2024-10-20 18:59:13.609 [info] Added views:workbench.debug.welcome in workbench.view.debug
2024-10-20 18:59:13.828 [info] Added views:~remote.forwardedPorts in ~remote.forwardedPortsContainer
2024-10-20 19:00:16.115 [info] Added views:outline in workbench.view.explorer
2024-10-20 19:00:16.115 [info] Added views:workbench.view.search in workbench.view.search
2024-10-20 19:00:16.115 [info] Added views:workbench.scm in workbench.view.scm
2024-10-20 19:00:16.115 [info] Added views:workbench.panel.markers.view in workbench.panel.markers
2024-10-20 19:00:16.115 [info] Added views:workbench.panel.output in workbench.panel.output
2024-10-20 19:00:16.115 [info] Added views:terminal in terminal
2024-10-20 19:00:16.115 [info] Added views:timeline in workbench.view.explorer
2024-10-20 19:00:16.115 [info] Added views:workbench.explorer.fileView in workbench.view.explorer
2024-10-20 19:00:17.303 [info] Added views:workbench.debug.variablesView,workbench.debug.watchExpressionsView,workbench.debug.callStackView,workbench.debug.breakPointsView in workbench.view.debug
2024-10-20 19:00:17.407 [info] Added views:workbench.panel.repl.view in workbench.panel.repl
2024-10-20 19:00:17.408 [info] Removed views:workbench.debug.breakPointsView,workbench.debug.callStackView,workbench.debug.watchExpressionsView,workbench.debug.variablesView from workbench.view.debug
2024-10-20 19:00:17.410 [info] Added views:workbench.debug.welcome in workbench.view.debug
2024-10-20 19:00:17.733 [info] Added views:~remote.forwardedPorts in ~remote.forwardedPortsContainer
