2024-10-20 18:59:13.507 [info] Extension host with pid 356309 started
2024-10-20 18:59:13.611 [info] ExtensionService#_doActivateExtension vscode.git-base, startup: true, activationEvent: '*', root cause: vscode.git
2024-10-20 18:59:13.666 [info] ExtensionService#_doActivateExtension vscode.git, startup: true, activationEvent: '*'
2024-10-20 18:59:13.819 [info] ExtensionService#_doActivateExtension vscode.github, startup: true, activationEvent: '*'
2024-10-20 18:59:14.158 [info] Eager extensions activated
2024-10-20 18:59:14.325 [info] ExtensionService#_doActivateExtension vscode.debug-auto-launch, startup: false, activationEvent: 'onStartupFinished'
2024-10-20 18:59:14.328 [info] ExtensionService#_doActivateExtension vscode.merge-conflict, startup: false, activationEvent: 'onStartupFinished'
2024-10-20 18:59:24.455 [info] ExtensionService#_doActivateExtension vscode.emmet, startup: false, activationEvent: 'onLanguage'
2024-10-20 19:00:14.967 [info] Extension host terminating: renderer closed the MessagePort
2024-10-20 19:00:14.981 [info] Extension host with pid 356309 exiting with code 0
2024-10-20 19:00:17.289 [info] Extension host with pid 356600 started
2024-10-20 19:00:17.289 [info] Skipping acquiring lock for /home/siddhantdeshwal/.config/Code - OSS/User/workspaceStorage/4cc6757d0d9ed9c01635b6f10235e1aa.
2024-10-20 19:00:17.415 [info] ExtensionService#_doActivateExtension vscode.git-base, startup: true, activationEvent: '*'
2024-10-20 19:00:17.503 [info] ExtensionService#_doActivateExtension vscode.github, startup: true, activationEvent: '*'
2024-10-20 19:00:17.576 [info] Eager extensions activated
2024-10-20 19:00:17.633 [info] ExtensionService#_doActivateExtension vscode.debug-auto-launch, startup: false, activationEvent: 'onStartupFinished'
2024-10-20 19:00:17.638 [info] ExtensionService#_doActivateExtension vscode.merge-conflict, startup: false, activationEvent: 'onStartupFinished'
2024-10-20 19:00:25.858 [info] ExtensionService#_doActivateExtension vscode.emmet, startup: false, activationEvent: 'onLanguage'
2024-10-20 19:05:59.859 [info] ExtensionService#_doActivateExtension vscode.configuration-editing, startup: false, activationEvent: 'onLanguage:jsonc'
2024-10-20 19:05:59.898 [info] ExtensionService#_doActivateExtension vscode.json-language-features, startup: false, activationEvent: 'onLanguage:jsonc'
2024-10-20 19:06:00.131 [info] ExtensionService#_doActivateExtension vscode.typescript-language-features, startup: false, activationEvent: 'onLanguage:jsonc'
2024-10-20 19:11:24.884 [info] Extension host terminating: renderer closed the MessagePort
2024-10-20 19:11:24.896 [info] Extension host with pid 356600 exiting with code 0
